SF:/Users/fperson/workspace/personal_projects/youtube_captions_scraper/lib/src/youtube_caption_scraper_http_client.dart
DA:8,2
LF:1
LH:1
end_of_record
SF:/Users/fperson/workspace/personal_projects/youtube_captions_scraper/lib/src/caption_track.dart
DA:3,4
DA:18,2
DA:19,1
DA:20,1
DA:21,3
DA:22,2
DA:23,3
DA:24,3
DA:25,3
DA:26,1
DA:28,0
DA:29,0
DA:30,1
DA:31,3
DA:32,3
DA:33,3
DA:36,0
DA:37,0
DA:39,0
DA:41,0
LF:20
LH:14
end_of_record
SF:/Users/fperson/workspace/personal_projects/youtube_captions_scraper/lib/src/exceptions.dart
DA:2,2
DA:6,2
LF:2
LH:2
end_of_record
SF:/Users/fperson/workspace/personal_projects/youtube_captions_scraper/lib/src/subtitle_line.dart
DA:3,2
DA:13,2
DA:17,2
DA:18,6
DA:19,6
DA:20,6
DA:23,0
DA:24,0
DA:26,0
DA:28,0
LF:10
LH:6
end_of_record
SF:/Users/fperson/workspace/personal_projects/youtube_captions_scraper/lib/src/youtube_caption_scraper.dart
DA:25,2
DA:28,2
LF:2
LH:2
end_of_record
SF:/Users/fperson/workspace/personal_projects/youtube_captions_scraper/lib/src/youtube_caption_scraper_impl.dart
DA:22,1
DA:23,1
DA:25,1
DA:26,1
DA:31,1
DA:32,5
DA:33,6
DA:34,2
DA:37,1
DA:38,2
DA:39,1
DA:42,1
DA:43,1
DA:46,1
DA:47,2
DA:48,1
DA:50,1
DA:51,4
DA:52,5
DA:53,2
DA:54,1
DA:55,2
DA:56,2
DA:57,4
DA:58,4
DA:62,1
DA:63,6
DA:64,6
DA:65,2
DA:66,2
DA:67,2
DA:68,5
DA:69,6
DA:70,2
DA:71,1
DA:72,1
DA:74,1
DA:75,2
DA:76,2
DA:77,1
DA:80,2
DA:81,4
DA:82,2
DA:83,1
DA:84,2
DA:85,1
DA:87,1
DA:88,2
DA:89,2
DA:90,1
DA:91,1
DA:92,1
DA:93,1
DA:94,1
DA:100,1
DA:101,2
DA:102,3
DA:103,6
DA:104,4
DA:105,1
DA:106,1
DA:108,1
DA:109,2
DA:110,3
DA:111,5
DA:112,3
LF:66
LH:66
end_of_record
SF:/Users/fperson/workspace/personal_projects/youtube_captions_scraper/lib/src/youtube_caption_scraper_http_client_impl.dart
DA:9,0
DA:10,0
DA:11,0
DA:12,0
DA:13,0
LF:5
LH:0
end_of_record
SF:/Users/fperson/workspace/personal_projects/youtube_captions_scraper/lib/src/dtos.dart
DA:4,1
DA:10,1
DA:11,1
DA:12,1
DA:13,3
DA:14,1
DA:22,2
DA:23,1
DA:24,1
DA:25,1
LF:10
LH:10
end_of_record
